<?xml version="1.0" encoding="UTF-8"?>
<!-- Generated by org.testng.reporters.JUnitReportReporter -->
<testsuite hostname="DESKTOP-V3LFEF9" name="com.deere.Helpers.Invoke" tests="1" failures="0" timestamp="20 Aug 2018 14:30:44 GMT" time="100.794" errors="0">
  <testcase name="invokeUserCredentials" time="100.794" classname="com.deere.Helpers.Invoke"/>
</testsuite> <!-- com.deere.Helpers.Invoke -->
