<?xml version="1.0" encoding="UTF-8"?>
<!-- Generated by org.testng.reporters.JUnitReportReporter -->
<testsuite hostname="DESKTOP-T22JFE2" name="com.deere.Helpers.Invoke_WCM" tests="1" failures="0" timestamp="26 Oct 2018 11:05:11 GMT" time="989.190" errors="0">
  <testcase name="invokeUserCredentials" time="989.190" classname="com.deere.Helpers.Invoke_WCM"/>
</testsuite> <!-- com.deere.Helpers.Invoke_WCM -->
