<?xml version="1.0" encoding="UTF-8"?>
<!-- Generated by org.testng.reporters.JUnitReportReporter -->
<testsuite hostname="DESKTOP-V3LFEF9" name="wcm_content.Alert_WCM_TestCase" tests="1" failures="0" timestamp="17 Aug 2018 09:33:51 GMT" time="0.312" errors="0">
  <testcase name="AlertWCM" time="0.312" classname="wcm_content.Alert_WCM_TestCase"/>
</testsuite> <!-- wcm_content.Alert_WCM_TestCase -->
